<?xml version="1.0" encoding="UTF-8"?>
<!-- Generated by org.testng.reporters.JUnitXMLReporter -->
<testsuite hostname="DESKTOP-EL3CE6U" ignored="0" name="Test" tests="2" failures="1" timestamp="26 Jul 2018 18:32:19 GMT" time="18.378" errors="0">
  <testcase name="invalidLogin" time="3.238" classname="script.TestScript">
    <failure type="java.lang.AssertionError">
      <![CDATA[java.lang.AssertionError
at org.junit.Assert.fail(Assert.java:86)
at org.junit.Assert.fail(Assert.java:95)
at script.TestScript.invalidLogin(TestScript.java:38)
... Removed 25 stack frames]]>
    </failure>
  </testcase> <!-- invalidLogin -->
  <testcase name="validLogin" time="2.523" classname="script.TestScript"/>
</testsuite> <!-- Test -->
